<?xml version="1.0" encoding="UTF-8"?>
<robot generator="Robot 7.0 (Python 3.12.2 on win32)" generated="2024-07-04T13:35:35.046747" rpa="false" schemaversion="5">
<suite id="s1" name="Latihan" source="D:\Intern Sirclo\latihan_git_intern\test\latihan.robot">
<test id="s1-t1" name="TCL1.Login incorect value" line="12">
<kw name="Start Test" owner="base" type="SETUP">
<kw name="Create Webdriver" owner="SeleniumLibrary">
<msg time="2024-07-04T13:35:35.420443" level="INFO">Creating an instance of the Chrome WebDriver.</msg>
<arg>${BROWSER}</arg>
<doc>Creates an instance of Selenium WebDriver.</doc>
<status status="PASS" start="2024-07-04T13:35:35.420443" elapsed="1.745794"/>
</kw>
<kw name="Go To" owner="SeleniumLibrary">
<msg time="2024-07-04T13:35:37.167235" level="INFO">Opening url 'https://pwa.getswift.asia/'</msg>
<arg>${URLWEB}</arg>
<doc>Navigates the current browser window to the provided ``url``.</doc>
<status status="PASS" start="2024-07-04T13:35:37.166237" elapsed="1.484109"/>
</kw>
<kw name="Maximize Browser Window" owner="SeleniumLibrary">
<doc>Maximizes current browser window.</doc>
<status status="PASS" start="2024-07-04T13:35:38.651345" elapsed="0.144229"/>
</kw>
<kw name="Execute Javascript" owner="SeleniumLibrary">
<msg time="2024-07-04T13:35:38.795574" level="INFO">Executing JavaScript:
document.body.style.zoom = "100%"
Without any arguments.</msg>
<arg>document.body.style.zoom = "100%"</arg>
<doc>Executes the given JavaScript code with possible arguments.</doc>
<status status="PASS" start="2024-07-04T13:35:38.795574" elapsed="0.073481"/>
</kw>
<kw name="Set Selenium Speed" owner="SeleniumLibrary">
<arg>1</arg>
<doc>Sets the delay that is waited after each Selenium command.</doc>
<status status="PASS" start="2024-07-04T13:35:38.870089" elapsed="0.000000"/>
</kw>
<status status="PASS" start="2024-07-04T13:35:35.420443" elapsed="3.449646"/>
</kw>
<kw name="Go to the Login Page" owner="base">
<kw name="Click Link" owner="SeleniumLibrary">
<msg time="2024-07-04T13:35:38.872095" level="INFO">Clicking link '//a[contains(@class,'swift-login-register-link')]'.</msg>
<arg>${HeaderLinkToLogin}</arg>
<doc>Clicks a link identified by ``locator``.</doc>
<status status="PASS" start="2024-07-04T13:35:38.871085" elapsed="3.082136"/>
</kw>
<kw name="Maximize Browser Window" owner="SeleniumLibrary">
<doc>Maximizes current browser window.</doc>
<status status="PASS" start="2024-07-04T13:35:41.953221" elapsed="1.005182"/>
</kw>
<kw name="Execute Javascript" owner="SeleniumLibrary">
<msg time="2024-07-04T13:35:42.959423" level="INFO">Executing JavaScript:
document.body.style.zoom = "100%"
Without any arguments.</msg>
<arg>document.body.style.zoom = "100%"</arg>
<doc>Executes the given JavaScript code with possible arguments.</doc>
<status status="PASS" start="2024-07-04T13:35:42.958403" elapsed="1.007659"/>
</kw>
<kw name="Set Selenium Speed" owner="SeleniumLibrary">
<arg>1</arg>
<doc>Sets the delay that is waited after each Selenium command.</doc>
<status status="PASS" start="2024-07-04T13:35:43.966062" elapsed="0.000000"/>
</kw>
<status status="PASS" start="2024-07-04T13:35:38.871085" elapsed="5.094977"/>
</kw>
<kw name="Input email in the wrong format" owner="base">
<kw name="Input Text" owner="SeleniumLibrary">
<msg time="2024-07-04T13:35:43.968075" level="INFO">Typing text 'irma@mail.' into text field '//input[@placeholder='e.g: user@gmail.com']'.</msg>
<arg>${TextBoxEmail}</arg>
<arg>${IncorrectEmail}</arg>
<doc>Types the given ``text`` into the text field identified by ``locator``.</doc>
<status status="PASS" start="2024-07-04T13:35:43.967070" elapsed="3.431420"/>
</kw>
<arg>${IncorrectEmail}</arg>
<status status="PASS" start="2024-07-04T13:35:43.967070" elapsed="3.431420"/>
</kw>
<kw name="Input password" owner="base">
<kw name="Input Text" owner="SeleniumLibrary">
<msg time="2024-07-04T13:35:47.399503" level="INFO">Typing text '123456' into text field '//input[@placeholder='********']'.</msg>
<arg>${TextBoxPassword}</arg>
<arg>${password}</arg>
<doc>Types the given ``text`` into the text field identified by ``locator``.</doc>
<status status="PASS" start="2024-07-04T13:35:47.399503" elapsed="3.359597"/>
</kw>
<arg>${Password}</arg>
<status status="PASS" start="2024-07-04T13:35:47.399503" elapsed="3.359597"/>
</kw>
<kw name="Click the Sign In button" owner="base">
<kw name="Click Button" owner="SeleniumLibrary">
<msg time="2024-07-04T13:35:50.760710" level="INFO">Clicking button '//button[@id='swiftLoginButton']'.</msg>
<arg>${SignInButton}</arg>
<doc>Clicks the button identified by ``locator``.</doc>
<status status="PASS" start="2024-07-04T13:35:50.759690" elapsed="5.088497"/>
</kw>
<status status="PASS" start="2024-07-04T13:35:50.759690" elapsed="5.088497"/>
</kw>
<kw name="Verify the sign in button is disabled" owner="base">
<kw name="Get Element Attribute" owner="SeleniumLibrary">
<msg time="2024-07-04T13:35:57.871492" level="INFO">${button_enabled} = true</msg>
<var>${button_enabled}</var>
<arg>${SignInButton}</arg>
<arg>disabled</arg>
<doc>Returns the value of ``attribute`` from the element ``locator``.</doc>
<status status="PASS" start="2024-07-04T13:35:55.848187" elapsed="2.023305"/>
</kw>
<kw name="Should Be True" owner="BuiltIn">
<arg>"${button_enabled}"</arg>
<arg>true</arg>
<doc>Fails if the given condition is not true.</doc>
<status status="PASS" start="2024-07-04T13:35:57.871492" elapsed="0.000000"/>
</kw>
<status status="PASS" start="2024-07-04T13:35:55.848187" elapsed="2.023305"/>
</kw>
<tag>Test</tag>
<status status="PASS" start="2024-07-04T13:35:35.416431" elapsed="22.455061"/>
</test>
<doc>Suite description</doc>
<status status="PASS" start="2024-07-04T13:35:35.046747" elapsed="22.827766"/>
</suite>
<statistics>
<total>
<stat pass="1" fail="0" skip="0">All Tests</stat>
</total>
<tag>
<stat pass="1" fail="0" skip="0">Test</stat>
</tag>
<suite>
<stat pass="1" fail="0" skip="0" id="s1" name="Latihan">Latihan</stat>
</suite>
</statistics>
<errors>
</errors>
</robot>
